This is pdfTeX, Version 3.14159265-2.6-1.40.21 (TeX Live 2020) (preloaded format=pdflatex 2020.4.7)  13 JUL 2020 18:47
entering extended mode
 restricted \write18 enabled.
 %&-line parsing enabled.
**"Project1 report.tex"
(./Project1 report.tex
LaTeX2e <2020-02-02> patch level 5
L3 programming layer <2020-03-06>
(/usr/local/texlive/2020/texmf-dist/tex/latex/base/report.cls
Document Class: report 2019/12/20 v1.4l Standard LaTeX document class
(/usr/local/texlive/2020/texmf-dist/tex/latex/base/size11.clo
File: size11.clo 2019/12/20 v1.4l Standard LaTeX file (size option)
)
\c@part=\count167
\c@chapter=\count168
\c@section=\count169
\c@subsection=\count170
\c@subsubsection=\count171
\c@paragraph=\count172
\c@subparagraph=\count173
\c@figure=\count174
\c@table=\count175
\abovecaptionskip=\skip47
\belowcaptionskip=\skip48
\bibindent=\dimen134
)
(/usr/local/texlive/2020/texmf-dist/tex/latex/graphics/graphicx.sty
Package: graphicx 2019/11/30 v1.2a Enhanced LaTeX Graphics (DPC,SPQR)

(/usr/local/texlive/2020/texmf-dist/tex/latex/graphics/keyval.sty
Package: keyval 2014/10/28 v1.15 key=value parser (DPC)
\KV@toks@=\toks15
)
(/usr/local/texlive/2020/texmf-dist/tex/latex/graphics/graphics.sty
Package: graphics 2019/11/30 v1.4a Standard LaTeX Graphics (DPC,SPQR)

(/usr/local/texlive/2020/texmf-dist/tex/latex/graphics/trig.sty
Package: trig 2016/01/03 v1.10 sin cos tan (DPC)
)
(/usr/local/texlive/2020/texmf-dist/tex/latex/graphics-cfg/graphics.cfg
File: graphics.cfg 2016/06/04 v1.11 sample graphics configuration
)
Package graphics Info: Driver file: pdftex.def on input line 105.

(/usr/local/texlive/2020/texmf-dist/tex/latex/graphics-def/pdftex.def
File: pdftex.def 2018/01/08 v1.0l Graphics/color driver for pdftex
))
\Gin@req@height=\dimen135
\Gin@req@width=\dimen136
)
(/usr/local/texlive/2020/texmf-dist/tex/latex/amsmath/amsmath.sty
Package: amsmath 2020/01/20 v2.17e AMS math features
\@mathmargin=\skip49

For additional information on amsmath, use the `?' option.
(/usr/local/texlive/2020/texmf-dist/tex/latex/amsmath/amstext.sty
Package: amstext 2000/06/29 v2.01 AMS text

(/usr/local/texlive/2020/texmf-dist/tex/latex/amsmath/amsgen.sty
File: amsgen.sty 1999/11/30 v2.0 generic functions
\@emptytoks=\toks16
\ex@=\dimen137
))
(/usr/local/texlive/2020/texmf-dist/tex/latex/amsmath/amsbsy.sty
Package: amsbsy 1999/11/29 v1.2d Bold Symbols
\pmbraise@=\dimen138
)
(/usr/local/texlive/2020/texmf-dist/tex/latex/amsmath/amsopn.sty
Package: amsopn 2016/03/08 v2.02 operator names
)
\inf@bad=\count176
LaTeX Info: Redefining \frac on input line 227.
\uproot@=\count177
\leftroot@=\count178
LaTeX Info: Redefining \overline on input line 389.
\classnum@=\count179
\DOTSCASE@=\count180
LaTeX Info: Redefining \ldots on input line 486.
LaTeX Info: Redefining \dots on input line 489.
LaTeX Info: Redefining \cdots on input line 610.
\Mathstrutbox@=\box45
\strutbox@=\box46
\big@size=\dimen139
LaTeX Font Info:    Redeclaring font encoding OML on input line 733.
LaTeX Font Info:    Redeclaring font encoding OMS on input line 734.
\macc@depth=\count181
\c@MaxMatrixCols=\count182
\dotsspace@=\muskip16
\c@parentequation=\count183
\dspbrk@lvl=\count184
\tag@help=\toks17
\row@=\count185
\column@=\count186
\maxfields@=\count187
\andhelp@=\toks18
\eqnshift@=\dimen140
\alignsep@=\dimen141
\tagshift@=\dimen142
\tagwidth@=\dimen143
\totwidth@=\dimen144
\lineht@=\dimen145
\@envbody=\toks19
\multlinegap=\skip50
\multlinetaggap=\skip51
\mathdisplay@stack=\toks20
LaTeX Info: Redefining \[ on input line 2859.
LaTeX Info: Redefining \] on input line 2860.
)
(/usr/local/texlive/2020/texmf-dist/tex/latex/l3backend/l3backend-pdfmode.def
File: l3backend-pdfmode.def 2020-03-12 L3 backend support: PDF mode
\l__kernel_color_stack_int=\count188
\l__pdf_internal_box=\box47
)
(./Project1 report.aux)
\openout1 = `"Project1 report.aux"'.

LaTeX Font Info:    Checking defaults for OML/cmm/m/it on input line 7.
LaTeX Font Info:    ... okay on input line 7.
LaTeX Font Info:    Checking defaults for OMS/cmsy/m/n on input line 7.
LaTeX Font Info:    ... okay on input line 7.
LaTeX Font Info:    Checking defaults for OT1/cmr/m/n on input line 7.
LaTeX Font Info:    ... okay on input line 7.
LaTeX Font Info:    Checking defaults for T1/cmr/m/n on input line 7.
LaTeX Font Info:    ... okay on input line 7.
LaTeX Font Info:    Checking defaults for TS1/cmr/m/n on input line 7.
LaTeX Font Info:    ... okay on input line 7.
LaTeX Font Info:    Checking defaults for OMX/cmex/m/n on input line 7.
LaTeX Font Info:    ... okay on input line 7.
LaTeX Font Info:    Checking defaults for U/cmr/m/n on input line 7.
LaTeX Font Info:    ... okay on input line 7.

(/usr/local/texlive/2020/texmf-dist/tex/context/base/mkii/supp-pdf.mkii
[Loading MPS to PDF converter (version 2006.09.02).]
\scratchcounter=\count189
\scratchdimen=\dimen146
\scratchbox=\box48
\nofMPsegments=\count190
\nofMParguments=\count191
\everyMPshowfont=\toks21
\MPscratchCnt=\count192
\MPscratchDim=\dimen147
\MPnumerator=\count193
\makeMPintoPDFobject=\count194
\everyMPtoPDFconversion=\toks22
) (/usr/local/texlive/2020/texmf-dist/tex/latex/epstopdf-pkg/epstopdf-base.sty
Package: epstopdf-base 2020-01-24 v2.11 Base part for package epstopdf

(/usr/local/texlive/2020/texmf-dist/tex/generic/infwarerr/infwarerr.sty
Package: infwarerr 2019/12/03 v1.5 Providing info/warning/error messages (HO)
)
(/usr/local/texlive/2020/texmf-dist/tex/latex/grfext/grfext.sty
Package: grfext 2019/12/03 v1.3 Manage graphics extensions (HO)

(/usr/local/texlive/2020/texmf-dist/tex/generic/kvdefinekeys/kvdefinekeys.sty
Package: kvdefinekeys 2019-12-19 v1.6 Define keys (HO)
)) (/usr/local/texlive/2020/texmf-dist/tex/latex/kvoptions/kvoptions.sty
Package: kvoptions 2019/11/29 v3.13 Key value format for package options (HO)

(/usr/local/texlive/2020/texmf-dist/tex/generic/ltxcmds/ltxcmds.sty
Package: ltxcmds 2019/12/15 v1.24 LaTeX kernel commands for general use (HO)
)
(/usr/local/texlive/2020/texmf-dist/tex/generic/kvsetkeys/kvsetkeys.sty
Package: kvsetkeys 2019/12/15 v1.18 Key value parser (HO)
))
(/usr/local/texlive/2020/texmf-dist/tex/latex/pdftexcmds/pdftexcmds.sty
Package: pdftexcmds 2019/11/24 v0.31 Utility functions of pdfTeX for LuaTeX (HO
)

(/usr/local/texlive/2020/texmf-dist/tex/generic/iftex/iftex.sty
Package: iftex 2020/03/06 v1.0d TeX engine tests
)
Package pdftexcmds Info: \pdf@primitive is available.
Package pdftexcmds Info: \pdf@ifprimitive is available.
Package pdftexcmds Info: \pdfdraftmode found.
)
Package epstopdf-base Info: Redefining graphics rule for `.eps' on input line 4
85.
Package grfext Info: Graphics extension search list:
(grfext)             [.pdf,.png,.jpg,.mps,.jpeg,.jbig2,.jb2,.PDF,.PNG,.JPG,.JPE
G,.JBIG2,.JB2,.eps]
(grfext)             \AppendGraphicsExtensions on input line 504.

(/usr/local/texlive/2020/texmf-dist/tex/latex/latexconfig/epstopdf-sys.cfg
File: epstopdf-sys.cfg 2010/07/13 v1.3 Configuration of (r)epstopdf for TeX Liv
e
))
[1

{/usr/local/texlive/2020/texmf-var/fonts/map/pdftex/updmap/pdftex.map}]
Underfull \hbox (badness 10000) in paragraph at lines 11--12

 []

<Part1a_Sample.png, id=8, 295.1025pt x 241.90375pt>
File: Part1a_Sample.png Graphic file (type png)
<use Part1a_Sample.png>
Package pdftex.def Info: Part1a_Sample.png  used on input line 15.
(pdftex.def)             Requested size: 108.0011pt x 88.52852pt.
LaTeX Font Info:    Trying to load font information for OMS+cmr on input line 2
1.
(/usr/local/texlive/2020/texmf-dist/tex/latex/base/omscmr.fd
File: omscmr.fd 2019/12/16 v2.5j Standard LaTeX font definitions
)
LaTeX Font Info:    Font shape `OMS/cmr/m/n' in size <10.95> not available
(Font)              Font shape `OMS/cmsy/m/n' tried instead on input line 21.

Overfull \hbox (2.96077pt too wide) in paragraph at lines 20--22
 \OT1/cmr/bx/n/10.95 An-swer:[] \OT1/cmr/m/n/10.95 Since the agent does not kno
w ini-tially which cells are blocked.
 []


Underfull \hbox (badness 10000) in paragraph at lines 20--22

 []

<Part1a_1.jpg, id=10, 393.47pt x 165.61874pt>
File: Part1a_1.jpg Graphic file (type jpg)
<use Part1a_1.jpg>
Package pdftex.def Info: Part1a_1.jpg  used on input line 23.
(pdftex.def)             Requested size: 196.73451pt x 82.80916pt.
<Part1a_2.jpg, id=11, 441.65pt x 255.95625pt>
File: Part1a_2.jpg Graphic file (type jpg)
<use Part1a_2.jpg>
Package pdftex.def Info: Part1a_2.jpg  used on input line 29.
(pdftex.def)             Requested size: 220.82445pt x 127.9778pt.
[1 <./Part1a_Sample.png> <./Part1a_1.jpg>]
<Part1a_3.jpg, id=20, 470.75874pt x 343.2825pt>
File: Part1a_3.jpg Graphic file (type jpg)
<use Part1a_3.jpg>
Package pdftex.def Info: Part1a_3.jpg  used on input line 35.
(pdftex.def)             Requested size: 235.3788pt x 171.64082pt.

Underfull \hbox (badness 10000) in paragraph at lines 43--44

 []

[2 <./Part1a_2.jpg> <./Part1a_3.jpg>]
Underfull \hbox (badness 10000) in paragraph at lines 47--48

 []


Underfull \hbox (badness 10000) in paragraph at lines 52--53

 []


Underfull \hbox (badness 10000) in paragraph at lines 54--55

 []

[3] [4]
Underfull \hbox (badness 10000) in paragraph at lines 68--69

 []

<Part2_1.jpg, id=32, 693.59125pt x 422.57875pt>
File: Part2_1.jpg Graphic file (type jpg)
<use Part2_1.jpg>
Package pdftex.def Info: Part2_1.jpg  used on input line 76.
(pdftex.def)             Requested size: 360.0pt x 219.34244pt.
[5 <./Part2_1.jpg>]
<Part2_2.jpg, id=37, 678.535pt x 614.295pt>
File: Part2_2.jpg Graphic file (type jpg)
<use Part2_2.jpg>
Package pdftex.def Info: Part2_2.jpg  used on input line 92.
(pdftex.def)             Requested size: 288.0011pt x 260.72978pt.
<Part2_3.jpg, id=38, 671.50874pt x 316.18124pt>
File: Part2_3.jpg Graphic file (type jpg)
<use Part2_3.jpg>
Package pdftex.def Info: Part2_3.jpg  used on input line 99.
(pdftex.def)             Requested size: 335.75356pt x 158.09023pt.
 [6 <./Part2_2.jpg>]
<Part3_1.jpg, id=43, 737.75626pt x 428.60126pt>
File: Part3_1.jpg Graphic file (type jpg)
<use Part3_1.jpg>
Package pdftex.def Info: Part3_1.jpg  used on input line 118.
(pdftex.def)             Requested size: 360.0pt x 209.14009pt.


LaTeX Warning: `h' float specifier changed to `ht'.

[7 <./Part2_3.jpg>]
<Part3_2.png, id=47, 303.1325pt x 299.1175pt>
File: Part3_2.png Graphic file (type png)
<use Part3_2.png>
Package pdftex.def Info: Part3_2.png  used on input line 134.
(pdftex.def)             Requested size: 151.56587pt x 149.55838pt.


LaTeX Warning: `h' float specifier changed to `ht'.

[8 <./Part3_1.jpg>]
Underfull \hbox (badness 10000) in paragraph at lines 143--144

 []


Underfull \hbox (badness 10000) in paragraph at lines 145--146

 []


Underfull \hbox (badness 10000) in paragraph at lines 154--156

 []


LaTeX Warning: Command \textendash invalid in math mode on input line 157.


LaTeX Warning: Command \textquoteright invalid in math mode on input line 157.


LaTeX Warning: Command \textquoteright invalid in math mode on input line 157.

[9 <./Part3_2.png>]

LaTeX Warning: Command \textquoteright invalid in math mode on input line 159.


LaTeX Warning: Command \textquoteright invalid in math mode on input line 159.


LaTeX Warning: Command \textquoteright invalid in math mode on input line 159.


LaTeX Warning: Command \textquoteright invalid in math mode on input line 160.


LaTeX Warning: Command \textquoteright invalid in math mode on input line 160.


LaTeX Warning: Command \textquoteright invalid in math mode on input line 160.


Underfull \hbox (badness 10000) in paragraph at lines 159--161

 []


LaTeX Warning: Command \textquoteright invalid in math mode on input line 162.


LaTeX Warning: Command \textquoteright invalid in math mode on input line 167.


LaTeX Warning: Command \textquoteright invalid in math mode on input line 167.


LaTeX Warning: Command \textquoteright invalid in math mode on input line 167.


LaTeX Warning: Command \textquoteright invalid in math mode on input line 167.


LaTeX Warning: Command \textquoteright invalid in math mode on input line 167.


LaTeX Warning: Command \textquoteright invalid in math mode on input line 167.


LaTeX Warning: Command \textquoteright invalid in math mode on input line 167.


LaTeX Warning: Command \textquoteright invalid in math mode on input line 167.


Overfull \hbox (10.65334pt too wide) detected at line 167
[]
 []


LaTeX Warning: Command \textquoteright invalid in math mode on input line 174.


LaTeX Warning: Command \textquoteright invalid in math mode on input line 174.


LaTeX Warning: Command \textquoteright invalid in math mode on input line 174.


LaTeX Warning: Command \textquoteright invalid in math mode on input line 174.


LaTeX Warning: Command \textquoteright invalid in math mode on input line 174.


LaTeX Warning: Command \textquoteright invalid in math mode on input line 174.


LaTeX Warning: Command \textquoteright invalid in math mode on input line 175.


LaTeX Warning: Command \textquoteright invalid in math mode on input line 176.


Underfull \hbox (badness 10000) in paragraph at lines 176--177

 []


LaTeX Warning: Command \textquoteright invalid in math mode on input line 178.


LaTeX Warning: Command \textquoteright invalid in math mode on input line 183.


LaTeX Warning: Command \textquoteright invalid in math mode on input line 183.


LaTeX Warning: Command \textquoteright invalid in math mode on input line 183.


LaTeX Warning: Command \textquoteright invalid in math mode on input line 183.


LaTeX Warning: Command \textquoteright invalid in math mode on input line 183.


LaTeX Warning: Command \textquoteright invalid in math mode on input line 183.


LaTeX Warning: Command \textquoteright invalid in math mode on input line 183.


LaTeX Warning: Command \textquoteright invalid in math mode on input line 183.


Overfull \hbox (10.65334pt too wide) detected at line 183
[]
 []


LaTeX Warning: Command \textquoteright invalid in math mode on input line 190.


LaTeX Warning: Command \textquoteright invalid in math mode on input line 190.


LaTeX Warning: Command \textquoteright invalid in math mode on input line 190.


LaTeX Warning: Command \textquoteright invalid in math mode on input line 190.


LaTeX Warning: Command \textquoteright invalid in math mode on input line 190.


LaTeX Warning: Command \textquoteright invalid in math mode on input line 190.


LaTeX Warning: Command \textquoteright invalid in math mode on input line 190.


LaTeX Warning: Command \textquoteright invalid in math mode on input line 190.


LaTeX Warning: Command \textquoteright invalid in math mode on input line 191.


LaTeX Warning: Command \textquoteright invalid in math mode on input line 192.


Underfull \hbox (badness 10000) in paragraph at lines 192--194

 []


Underfull \hbox (badness 10000) in paragraph at lines 197--198

 []

[10]
Underfull \hbox (badness 10000) in paragraph at lines 199--200

 []


Underfull \hbox (badness 10000) in paragraph at lines 206--207

 []


LaTeX Warning: Command \textquoteright invalid in math mode on input line 208.


Underfull \hbox (badness 10000) in paragraph at lines 208--209

 []


LaTeX Warning: Command \textquoteright invalid in math mode on input line 221.


LaTeX Warning: Command \textquoteright invalid in math mode on input line 221.


LaTeX Warning: Command \textquoteright invalid in math mode on input line 221.


LaTeX Warning: Command \textquoteright invalid in math mode on input line 221.


LaTeX Warning: Command \textquoteright invalid in math mode on input line 221.


LaTeX Warning: Command \textquoteright invalid in math mode on input line 221.


LaTeX Warning: Command \textquoteright invalid in math mode on input line 221.


LaTeX Warning: Command \textquoteright invalid in math mode on input line 221.


LaTeX Warning: Command \textquoteright invalid in math mode on input line 221.


Underfull \hbox (badness 10000) in paragraph at lines 223--225

 []


Underfull \hbox (badness 10000) in paragraph at lines 223--225

 []

[11]
Underfull \hbox (badness 10000) in paragraph at lines 226--227

 []


LaTeX Warning: Command \textquoteright invalid in math mode on input line 237.


LaTeX Warning: Command \textquoteright invalid in math mode on input line 237.


LaTeX Warning: Command \textquoteright invalid in math mode on input line 240.


LaTeX Warning: Command \textquoteright invalid in math mode on input line 240.


LaTeX Warning: Command \textquoteright invalid in math mode on input line 241.


Underfull \hbox (badness 10000) in paragraph at lines 241--242

 []


LaTeX Warning: Command \textquoteright invalid in math mode on input line 244.


Underfull \hbox (badness 10000) in paragraph at lines 244--245

 []


LaTeX Warning: Command \textquoteright invalid in math mode on input line 246.


Underfull \hbox (badness 10000) in paragraph at lines 246--247

 []


Underfull \hbox (badness 10000) in paragraph at lines 248--249

 []

[12]
Underfull \hbox (badness 10000) in paragraph at lines 253--254

 []

<Part5_1.jpg, id=70, 708.6475pt x 428.60126pt>
File: Part5_1.jpg Graphic file (type jpg)
<use Part5_1.jpg>
Package pdftex.def Info: Part5_1.jpg  used on input line 260.
(pdftex.def)             Requested size: 360.0pt x 217.73355pt.
[13 <./Part5_1.jpg>] [14]
Underfull \hbox (badness 10000) in paragraph at lines 278--279

 []


Underfull \hbox (badness 10000) in paragraph at lines 289--290

 []


Underfull \hbox (badness 10000) in paragraph at lines 291--292

 []


Underfull \hbox (badness 10000) in paragraph at lines 293--294

 []


Underfull \hbox (badness 10000) in paragraph at lines 295--296

 []

[15]
Underfull \hbox (badness 10000) in paragraph at lines 301--302

 []


Underfull \hbox (badness 10000) in paragraph at lines 303--304

 []


Underfull \hbox (badness 10000) in paragraph at lines 305--306

 []

[16] (./Project1 report.aux) ) 
Here is how much of TeX's memory you used:
 2368 strings out of 480608
 34047 string characters out of 5903631
 277042 words of memory out of 5000000
 18235 multiletter control sequences out of 15000+600000
 538786 words of font info for 46 fonts, out of 8000000 for 9000
 1141 hyphenation exceptions out of 8191
 34i,9n,29p,832b,265s stack positions out of 5000i,500n,10000p,200000b,80000s
{/usr/local/texlive/2020/texmf-dist/fonts/enc/dvi
ps/cm-super/cm-super-ts1.enc}</usr/local/texlive/2020/texmf-dist/fonts/type1/pu
blic/amsfonts/cm/cmbx10.pfb></usr/local/texlive/2020/texmf-dist/fonts/type1/pub
lic/amsfonts/cm/cmbx12.pfb></usr/local/texlive/2020/texmf-dist/fonts/type1/publ
ic/amsfonts/cm/cmex10.pfb></usr/local/texlive/2020/texmf-dist/fonts/type1/publi
c/amsfonts/cm/cmmi10.pfb></usr/local/texlive/2020/texmf-dist/fonts/type1/public
/amsfonts/cm/cmmi8.pfb></usr/local/texlive/2020/texmf-dist/fonts/type1/public/a
msfonts/cm/cmr10.pfb></usr/local/texlive/2020/texmf-dist/fonts/type1/public/ams
fonts/cm/cmr12.pfb></usr/local/texlive/2020/texmf-dist/fonts/type1/public/amsfo
nts/cm/cmr17.pfb></usr/local/texlive/2020/texmf-dist/fonts/type1/public/amsfont
s/cm/cmr8.pfb></usr/local/texlive/2020/texmf-dist/fonts/type1/public/amsfonts/c
m/cmsy10.pfb></usr/local/texlive/2020/texmf-dist/fonts/type1/public/amsfonts/cm
/cmsy6.pfb></usr/local/texlive/2020/texmf-dist/fonts/type1/public/amsfonts/cm/c
msy8.pfb></usr/local/texlive/2020/texmf-dist/fonts/type1/public/cm-super/sfbx10
95.pfb></usr/local/texlive/2020/texmf-dist/fonts/type1/public/cm-super/sfrm1095
.pfb>
Output written on "Project1 report.pdf" (17 pages, 520826 bytes).
PDF statistics:
 132 PDF objects out of 1000 (max. 8388607)
 83 compressed objects within 1 object stream
 0 named destinations out of 1000 (max. 500000)
 51 words of extra memory for PDF output out of 10000 (max. 10000000)

