This is pdfTeX, Version 3.14159265-2.6-1.40.21 (TeX Live 2020) (preloaded format=pdflatex 2020.4.7)  10 AUG 2020 02:54
entering extended mode
 restricted \write18 enabled.
 %&-line parsing enabled.
**"project_1 report.tex"
(./project_1 report.tex
LaTeX2e <2020-02-02> patch level 5
L3 programming layer <2020-03-06>
(/usr/local/texlive/2020/texmf-dist/tex/latex/base/report.cls
Document Class: report 2019/12/20 v1.4l Standard LaTeX document class
(/usr/local/texlive/2020/texmf-dist/tex/latex/base/size11.clo
File: size11.clo 2019/12/20 v1.4l Standard LaTeX file (size option)
)
\c@part=\count167
\c@chapter=\count168
\c@section=\count169
\c@subsection=\count170
\c@subsubsection=\count171
\c@paragraph=\count172
\c@subparagraph=\count173
\c@figure=\count174
\c@table=\count175
\abovecaptionskip=\skip47
\belowcaptionskip=\skip48
\bibindent=\dimen134
)
(/usr/local/texlive/2020/texmf-dist/tex/latex/graphics/graphicx.sty
Package: graphicx 2019/11/30 v1.2a Enhanced LaTeX Graphics (DPC,SPQR)

(/usr/local/texlive/2020/texmf-dist/tex/latex/graphics/keyval.sty
Package: keyval 2014/10/28 v1.15 key=value parser (DPC)
\KV@toks@=\toks15
)
(/usr/local/texlive/2020/texmf-dist/tex/latex/graphics/graphics.sty
Package: graphics 2019/11/30 v1.4a Standard LaTeX Graphics (DPC,SPQR)

(/usr/local/texlive/2020/texmf-dist/tex/latex/graphics/trig.sty
Package: trig 2016/01/03 v1.10 sin cos tan (DPC)
)
(/usr/local/texlive/2020/texmf-dist/tex/latex/graphics-cfg/graphics.cfg
File: graphics.cfg 2016/06/04 v1.11 sample graphics configuration
)
Package graphics Info: Driver file: pdftex.def on input line 105.

(/usr/local/texlive/2020/texmf-dist/tex/latex/graphics-def/pdftex.def
File: pdftex.def 2018/01/08 v1.0l Graphics/color driver for pdftex
))
\Gin@req@height=\dimen135
\Gin@req@width=\dimen136
)
(/usr/local/texlive/2020/texmf-dist/tex/latex/amsmath/amsmath.sty
Package: amsmath 2020/01/20 v2.17e AMS math features
\@mathmargin=\skip49

For additional information on amsmath, use the `?' option.
(/usr/local/texlive/2020/texmf-dist/tex/latex/amsmath/amstext.sty
Package: amstext 2000/06/29 v2.01 AMS text

(/usr/local/texlive/2020/texmf-dist/tex/latex/amsmath/amsgen.sty
File: amsgen.sty 1999/11/30 v2.0 generic functions
\@emptytoks=\toks16
\ex@=\dimen137
))
(/usr/local/texlive/2020/texmf-dist/tex/latex/amsmath/amsbsy.sty
Package: amsbsy 1999/11/29 v1.2d Bold Symbols
\pmbraise@=\dimen138
)
(/usr/local/texlive/2020/texmf-dist/tex/latex/amsmath/amsopn.sty
Package: amsopn 2016/03/08 v2.02 operator names
)
\inf@bad=\count176
LaTeX Info: Redefining \frac on input line 227.
\uproot@=\count177
\leftroot@=\count178
LaTeX Info: Redefining \overline on input line 389.
\classnum@=\count179
\DOTSCASE@=\count180
LaTeX Info: Redefining \ldots on input line 486.
LaTeX Info: Redefining \dots on input line 489.
LaTeX Info: Redefining \cdots on input line 610.
\Mathstrutbox@=\box45
\strutbox@=\box46
\big@size=\dimen139
LaTeX Font Info:    Redeclaring font encoding OML on input line 733.
LaTeX Font Info:    Redeclaring font encoding OMS on input line 734.
\macc@depth=\count181
\c@MaxMatrixCols=\count182
\dotsspace@=\muskip16
\c@parentequation=\count183
\dspbrk@lvl=\count184
\tag@help=\toks17
\row@=\count185
\column@=\count186
\maxfields@=\count187
\andhelp@=\toks18
\eqnshift@=\dimen140
\alignsep@=\dimen141
\tagshift@=\dimen142
\tagwidth@=\dimen143
\totwidth@=\dimen144
\lineht@=\dimen145
\@envbody=\toks19
\multlinegap=\skip50
\multlinetaggap=\skip51
\mathdisplay@stack=\toks20
LaTeX Info: Redefining \[ on input line 2859.
LaTeX Info: Redefining \] on input line 2860.
)
(/usr/local/texlive/2020/texmf-dist/tex/latex/l3backend/l3backend-pdfmode.def
File: l3backend-pdfmode.def 2020-03-12 L3 backend support: PDF mode
\l__kernel_color_stack_int=\count188
\l__pdf_internal_box=\box47
)
(./project_1 report.aux)
\openout1 = `"project_1 report.aux"'.

LaTeX Font Info:    Checking defaults for OML/cmm/m/it on input line 7.
LaTeX Font Info:    ... okay on input line 7.
LaTeX Font Info:    Checking defaults for OMS/cmsy/m/n on input line 7.
LaTeX Font Info:    ... okay on input line 7.
LaTeX Font Info:    Checking defaults for OT1/cmr/m/n on input line 7.
LaTeX Font Info:    ... okay on input line 7.
LaTeX Font Info:    Checking defaults for T1/cmr/m/n on input line 7.
LaTeX Font Info:    ... okay on input line 7.
LaTeX Font Info:    Checking defaults for TS1/cmr/m/n on input line 7.
LaTeX Font Info:    ... okay on input line 7.
LaTeX Font Info:    Checking defaults for OMX/cmex/m/n on input line 7.
LaTeX Font Info:    ... okay on input line 7.
LaTeX Font Info:    Checking defaults for U/cmr/m/n on input line 7.
LaTeX Font Info:    ... okay on input line 7.

(/usr/local/texlive/2020/texmf-dist/tex/context/base/mkii/supp-pdf.mkii
[Loading MPS to PDF converter (version 2006.09.02).]
\scratchcounter=\count189
\scratchdimen=\dimen146
\scratchbox=\box48
\nofMPsegments=\count190
\nofMParguments=\count191
\everyMPshowfont=\toks21
\MPscratchCnt=\count192
\MPscratchDim=\dimen147
\MPnumerator=\count193
\makeMPintoPDFobject=\count194
\everyMPtoPDFconversion=\toks22
) (/usr/local/texlive/2020/texmf-dist/tex/latex/epstopdf-pkg/epstopdf-base.sty
Package: epstopdf-base 2020-01-24 v2.11 Base part for package epstopdf

(/usr/local/texlive/2020/texmf-dist/tex/generic/infwarerr/infwarerr.sty
Package: infwarerr 2019/12/03 v1.5 Providing info/warning/error messages (HO)
)
(/usr/local/texlive/2020/texmf-dist/tex/latex/grfext/grfext.sty
Package: grfext 2019/12/03 v1.3 Manage graphics extensions (HO)

(/usr/local/texlive/2020/texmf-dist/tex/generic/kvdefinekeys/kvdefinekeys.sty
Package: kvdefinekeys 2019-12-19 v1.6 Define keys (HO)
)) (/usr/local/texlive/2020/texmf-dist/tex/latex/kvoptions/kvoptions.sty
Package: kvoptions 2019/11/29 v3.13 Key value format for package options (HO)

(/usr/local/texlive/2020/texmf-dist/tex/generic/ltxcmds/ltxcmds.sty
Package: ltxcmds 2019/12/15 v1.24 LaTeX kernel commands for general use (HO)
)
(/usr/local/texlive/2020/texmf-dist/tex/generic/kvsetkeys/kvsetkeys.sty
Package: kvsetkeys 2019/12/15 v1.18 Key value parser (HO)
))
(/usr/local/texlive/2020/texmf-dist/tex/latex/pdftexcmds/pdftexcmds.sty
Package: pdftexcmds 2019/11/24 v0.31 Utility functions of pdfTeX for LuaTeX (HO
)

(/usr/local/texlive/2020/texmf-dist/tex/generic/iftex/iftex.sty
Package: iftex 2020/03/06 v1.0d TeX engine tests
)
Package pdftexcmds Info: \pdf@primitive is available.
Package pdftexcmds Info: \pdf@ifprimitive is available.
Package pdftexcmds Info: \pdfdraftmode found.
)
Package epstopdf-base Info: Redefining graphics rule for `.eps' on input line 4
85.
Package grfext Info: Graphics extension search list:
(grfext)             [.pdf,.png,.jpg,.mps,.jpeg,.jbig2,.jb2,.PDF,.PNG,.JPG,.JPE
G,.JBIG2,.JB2,.eps]
(grfext)             \AppendGraphicsExtensions on input line 504.

(/usr/local/texlive/2020/texmf-dist/tex/latex/latexconfig/epstopdf-sys.cfg
File: epstopdf-sys.cfg 2010/07/13 v1.3 Configuration of (r)epstopdf for TeX Liv
e
))
[1

{/usr/local/texlive/2020/texmf-var/fonts/map/pdftex/updmap/pdftex.map}]
Underfull \hbox (badness 10000) in paragraph at lines 22--25

 []


LaTeX Warning: `!h' float specifier changed to `!ht'.

[1]
<Bayes_digit_1.png, id=18, 650.43pt x 413.545pt>
File: Bayes_digit_1.png Graphic file (type png)
<use Bayes_digit_1.png>
Package pdftex.def Info: Bayes_digit_1.png  used on input line 95.
(pdftex.def)             Requested size: 288.0011pt x 183.11511pt.
 [2 <./Bayes_digit_1.png>]
Underfull \hbox (badness 10000) in paragraph at lines 104--105

 []


Underfull \hbox (badness 10000) in paragraph at lines 106--107

 []


Underfull \hbox (badness 10000) in paragraph at lines 112--113

 []


Underfull \hbox (badness 10000) in paragraph at lines 115--116

 []

<Bayes_digit_statistic.png, id=24, 509.905pt x 260.975pt>
File: Bayes_digit_statistic.png Graphic file (type png)
<use Bayes_digit_statistic.png>
Package pdftex.def Info: Bayes_digit_statistic.png  used on input line 124.
(pdftex.def)             Requested size: 254.95187pt x 130.48718pt.
[3 <./Bayes_digit_statistic.png>]

LaTeX Warning: No positions in optional float specifier.
               Default added (so using `tbp') on input line 131.

<Bayes_digit_traintime.png, id=30, 522.95375pt x 328.22626pt>
File: Bayes_digit_traintime.png Graphic file (type png)
<use Bayes_digit_traintime.png>
Package pdftex.def Info: Bayes_digit_traintime.png  used on input line 133.
(pdftex.def)             Requested size: 235.32701pt x 147.70044pt.

Underfull \hbox (badness 10000) in paragraph at lines 137--138

 []

<Bayes_digit_accuracy.png, id=31, 524.96124pt x 328.22626pt>
File: Bayes_digit_accuracy.png Graphic file (type png)
<use Bayes_digit_accuracy.png>
Package pdftex.def Info: Bayes_digit_accuracy.png  used on input line 141.
(pdftex.def)             Requested size: 236.23038pt x 147.70044pt.
<Bayes_digit_SD.png, id=32, 516.93124pt x 327.2225pt>
File: Bayes_digit_SD.png Graphic file (type png)
<use Bayes_digit_SD.png>
Package pdftex.def Info: Bayes_digit_SD.png  used on input line 151.
(pdftex.def)             Requested size: 258.46498pt x 163.61084pt.

LaTeX Warning: `h' float specifier changed to `ht'.

[4 <./Bayes_digit_traintime.png> <./Bayes_digit_accuracy.png>]
Underfull \hbox (badness 10000) in paragraph at lines 174--176

 []

[5 <./Bayes_digit_SD.png>]
Underfull \hbox (badness 10000) in paragraph at lines 177--179

 []


Underfull \hbox (badness 10000) in paragraph at lines 184--185

 []


Underfull \hbox (badness 10000) in paragraph at lines 186--187

 []


Underfull \hbox (badness 10000) in paragraph at lines 187--189

 []

[6]
<Bayes_face_statistic.png, id=47, 511.9125pt x 263.98625pt>
File: Bayes_face_statistic.png Graphic file (type png)
<use Bayes_face_statistic.png>
Package pdftex.def Info: Bayes_face_statistic.png  used on input line 201.
(pdftex.def)             Requested size: 255.95563pt x 131.9928pt.
<Bayes_face_traintime.png, id=48, 526.96875pt x 335.2525pt>
File: Bayes_face_traintime.png Graphic file (type png)
<use Bayes_face_traintime.png>
Package pdftex.def Info: Bayes_face_traintime.png  used on input line 208.
(pdftex.def)             Requested size: 263.48372pt x 167.62584pt.
 [7 <./Bayes_face_statistic.png> <./Bayes_face_traintime.png>]
<Bayes_face_accuracy.png, id=54, 528.97626pt x 337.26pt>
File: Bayes_face_accuracy.png Graphic file (type png)
<use Bayes_face_accuracy.png>
Package pdftex.def Info: Bayes_face_accuracy.png  used on input line 215.
(pdftex.def)             Requested size: 238.03711pt x 151.7656pt.

Underfull \hbox (badness 10000) in paragraph at lines 221--222

 []

<Bayes_face_SD.png, id=55, 507.8975pt x 322.20375pt>
File: Bayes_face_SD.png Graphic file (type png)
<use Bayes_face_SD.png>
Package pdftex.def Info: Bayes_face_SD.png  used on input line 228.
(pdftex.def)             Requested size: 228.55176pt x 144.99034pt.
[8 <./Bayes_face_accuracy.png> <./Bayes_face_SD.png>]
Underfull \hbox (badness 10000) in paragraph at lines 238--239

 []


Underfull \hbox (badness 10000) in paragraph at lines 240--241

 []


Underfull \hbox (badness 10000) in paragraph at lines 250--251

 []


Underfull \hbox (badness 10000) in paragraph at lines 256--257

 []

[9]
Underfull \hbox (badness 10000) in paragraph at lines 273--274

 []

[10]
<Perceptron_digit_statistic.png, id=67, 512.91624pt x 262.9825pt>
File: Perceptron_digit_statistic.png Graphic file (type png)
<use Perceptron_digit_statistic.png>
Package pdftex.def Info: Perceptron_digit_statistic.png  used on input line 290
.
(pdftex.def)             Requested size: 256.45749pt x 131.49092pt.
<Perceptron_digit_traintime.png, id=68, 520.94624pt x 326.21875pt>
File: Perceptron_digit_traintime.png Graphic file (type png)
<use Perceptron_digit_traintime.png>
Package pdftex.def Info: Perceptron_digit_traintime.png  used on input line 297
.
(pdftex.def)             Requested size: 260.47249pt x 163.10896pt.
 [11 <./Perceptron_digit_statistic.png> <./Perceptron_digit_traintime.png>]
<Perceptron_digit_accuracy.png, id=74, 520.94624pt x 327.2225pt>
File: Perceptron_digit_accuracy.png Graphic file (type png)
<use Perceptron_digit_accuracy.png>
Package pdftex.def Info: Perceptron_digit_accuracy.png  used on input line 304.

(pdftex.def)             Requested size: 234.42365pt x 147.24876pt.

Underfull \hbox (badness 10000) in paragraph at lines 309--310

 []

<Perceptron_digit_SD.png, id=75, 517.935pt x 334.24875pt>
File: Perceptron_digit_SD.png Graphic file (type png)
<use Perceptron_digit_SD.png>
Package pdftex.def Info: Perceptron_digit_SD.png  used on input line 315.
(pdftex.def)             Requested size: 233.06859pt x 150.41054pt.
[12 <./Perceptron_digit_accuracy.png> <./Perceptron_digit_SD.png>]
Underfull \hbox (badness 10000) in paragraph at lines 322--323

 []


Underfull \hbox (badness 10000) in paragraph at lines 324--325

 []


Underfull \hbox (badness 10000) in paragraph at lines 331--332

 []


Underfull \hbox (badness 10000) in paragraph at lines 348--349

 []

[13]
<Perceptron_face_statistic.png, id=85, 512.91624pt x 258.9675pt>
File: Perceptron_face_statistic.png Graphic file (type png)
<use Perceptron_face_statistic.png>
Package pdftex.def Info: Perceptron_face_statistic.png  used on input line 364.

(pdftex.def)             Requested size: 256.45749pt x 129.48341pt.
<Perceptron_face_traintime.png, id=86, 522.95375pt x 326.21875pt>
File: Perceptron_face_traintime.png Graphic file (type png)
<use Perceptron_face_traintime.png>
Package pdftex.def Info: Perceptron_face_traintime.png  used on input line 371.

(pdftex.def)             Requested size: 261.47623pt x 163.10896pt.


LaTeX Warning: `h' float specifier changed to `ht'.

[14 <./Perceptron_face_statistic.png>]
<Perceptron_face_accuracy.png, id=91, 525.965pt x 328.22626pt>
File: Perceptron_face_accuracy.png Graphic file (type png)
<use Perceptron_face_accuracy.png>
Package pdftex.def Info: Perceptron_face_accuracy.png  used on input line 378.
(pdftex.def)             Requested size: 262.98184pt x 164.11272pt.

Underfull \hbox (badness 10000) in paragraph at lines 383--384

 []

<Perceptron_face_SD.png, id=92, 528.97626pt x 330.23375pt>
File: Perceptron_face_SD.png Graphic file (type png)
<use Perceptron_face_SD.png>
Package pdftex.def Info: Perceptron_face_SD.png  used on input line 389.
(pdftex.def)             Requested size: 264.48747pt x 165.11646pt.

LaTeX Warning: `h' float specifier changed to `ht'.

[15 <./Perceptron_face_traintime.png>] [16 <./Perceptron_face_accuracy.png> <./
Perceptron_face_SD.png>] (./project_1 report.aux) ) 
Here is how much of TeX's memory you used:
 2379 strings out of 480608
 35514 string characters out of 5903631
 279025 words of memory out of 5000000
 18240 multiletter control sequences out of 15000+600000
 538748 words of font info for 46 fonts, out of 8000000 for 9000
 1141 hyphenation exceptions out of 8191
 34i,8n,29p,655b,263s stack positions out of 5000i,500n,10000p,200000b,80000s
{/usr/local/texlive/2020/tex
mf-dist/fonts/enc/dvips/cm-super/cm-super-ts1.enc}</usr/local/texlive/2020/texm
f-dist/fonts/type1/public/amsfonts/cm/cmbx10.pfb></usr/local/texlive/2020/texmf
-dist/fonts/type1/public/amsfonts/cm/cmbx12.pfb></usr/local/texlive/2020/texmf-
dist/fonts/type1/public/amsfonts/cm/cmex10.pfb></usr/local/texlive/2020/texmf-d
ist/fonts/type1/public/amsfonts/cm/cmmi10.pfb></usr/local/texlive/2020/texmf-di
st/fonts/type1/public/amsfonts/cm/cmmi8.pfb></usr/local/texlive/2020/texmf-dist
/fonts/type1/public/amsfonts/cm/cmr10.pfb></usr/local/texlive/2020/texmf-dist/f
onts/type1/public/amsfonts/cm/cmr12.pfb></usr/local/texlive/2020/texmf-dist/fon
ts/type1/public/amsfonts/cm/cmr17.pfb></usr/local/texlive/2020/texmf-dist/fonts
/type1/public/amsfonts/cm/cmr8.pfb></usr/local/texlive/2020/texmf-dist/fonts/ty
pe1/public/amsfonts/cm/cmsy10.pfb></usr/local/texlive/2020/texmf-dist/fonts/typ
e1/public/cm-super/sfrm1095.pfb>
Output written on "project_1 report.pdf" (17 pages, 986997 bytes).
PDF statistics:
 139 PDF objects out of 1000 (max. 8388607)
 74 compressed objects within 1 object stream
 0 named destinations out of 1000 (max. 500000)
 86 words of extra memory for PDF output out of 10000 (max. 10000000)

